0 info it worked if it ends with ok
1 verbose cli [ '/Users/fraziermork/.node/bin/node',
1 verbose cli   '/Users/fraziermork/.node/bin/npm',
1 verbose cli   'publish',
1 verbose cli   './' ]
2 info using npm@2.14.12
3 info using node@v4.3.1
4 verbose publish [ './' ]
5 silly cache add args [ './', null ]
6 verbose cache add spec ./
7 silly cache add parsed spec Result {
7 silly cache add   raw: './',
7 silly cache add   scope: null,
7 silly cache add   name: null,
7 silly cache add   rawSpec: './',
7 silly cache add   spec: '/Users/fraziermork/401d2/homework/framework',
7 silly cache add   type: 'directory' }
8 verbose addLocalDirectory /Users/fraziermork/.npm/simplee/1.0.0/package.tgz not in flight; packing
9 verbose tar pack [ '/Users/fraziermork/.npm/simplee/1.0.0/package.tgz',
9 verbose tar pack   '/Users/fraziermork/401d2/homework/framework' ]
10 verbose tarball /Users/fraziermork/.npm/simplee/1.0.0/package.tgz
11 verbose folder /Users/fraziermork/401d2/homework/framework
12 info prepublish simplee@1.0.0
13 verbose addLocalTarball adding from inside cache /Users/fraziermork/.npm/simplee/1.0.0/package.tgz
14 silly cache afterAdd simplee@1.0.0
15 verbose afterAdd /Users/fraziermork/.npm/simplee/1.0.0/package/package.json not in flight; writing
16 verbose afterAdd /Users/fraziermork/.npm/simplee/1.0.0/package/package.json written
17 silly publish { name: 'simplee',
17 silly publish   version: '1.0.0',
17 silly publish   description: '\'simple version of express built as a learning exercise\'',
17 silly publish   main: 'module.js',
17 silly publish   directories: { test: 'test' },
17 silly publish   scripts: { test: 'echo "Error: no test specified" && exit 1' },
17 silly publish   repository:
17 silly publish    { type: 'git',
17 silly publish      url: 'git+https://github.com/fraziermork/framework.git' },
17 silly publish   keywords: [ 'framework' ],
17 silly publish   author: { name: 'Frazier Mork' },
17 silly publish   license: 'MIT',
17 silly publish   bugs: { url: 'https://github.com/fraziermork/framework/issues' },
17 silly publish   homepage: 'https://github.com/fraziermork/framework#readme',
17 silly publish   devDependencies:
17 silly publish    { chai: '^3.5.0',
17 silly publish      'chai-http': '^2.0.1',
17 silly publish      gulp: '^3.9.1',
17 silly publish      'gulp-eslint': '^2.0.0',
17 silly publish      'gulp-mocha': '^2.2.0' },
17 silly publish   readme: '# Simple Express\nThis is a node framework I am building as a learning exercise. I intend to eventually publish it on npm. \n\nTo build an http server with this module, write\nvar simplee = require(\'simplee\');\nvar app = simplee();\n\napp.setGET(\'/\', function(request, response){\n    //your functionality here\n})\napp.setPUT(\'/\', function(request, response){\n    //your functionality here\n})\napp.setPOST(\'/\', function(request, response){\n    //your functionality here\n})\napp.setDEL(\'/\', function(request, response){\n    //your functionality here\n})\n\napp.listen(port) will tell the router to create a server listening at the specified port\n',
17 silly publish   readmeFilename: 'README.md',
17 silly publish   gitHead: 'dffd4ffacf94024929632b25efe1e3d47a7f3602',
17 silly publish   _id: 'simplee@1.0.0',
17 silly publish   _shasum: '0f3c6dc2e449e15fa227f42e69540173d1913a19',
17 silly publish   _from: '.' }
18 verbose getPublishConfig undefined
19 silly mapToRegistry name simplee
20 silly mapToRegistry using default registry
21 silly mapToRegistry registry https://registry.npmjs.org/
22 silly mapToRegistry uri https://registry.npmjs.org/simplee
23 verbose publish registryBase https://registry.npmjs.org/
24 silly publish uploading /Users/fraziermork/.npm/simplee/1.0.0/package.tgz
25 verbose request uri https://registry.npmjs.org/simplee
26 verbose request sending authorization for write operation
27 info attempt registry request try #1 at 11:22:08
28 verbose request using bearer token for auth
29 verbose request id 008cae4dfc0fe106
30 http request PUT https://registry.npmjs.org/simplee
31 http 403 https://registry.npmjs.org/simplee
32 verbose headers { 'content-type': 'application/json',
32 verbose headers   'cache-control': 'max-age=300',
32 verbose headers   'content-length': '95',
32 verbose headers   'accept-ranges': 'bytes',
32 verbose headers   date: 'Mon, 14 Mar 2016 18:22:08 GMT',
32 verbose headers   via: '1.1 varnish',
32 verbose headers   connection: 'keep-alive',
32 verbose headers   'x-served-by': 'cache-lax1429-LAX',
32 verbose headers   'x-cache': 'MISS',
32 verbose headers   'x-cache-hits': '0',
32 verbose headers   'x-timer': 'S1457979728.653450,VS0,VE199' }
33 verbose request invalidating /Users/fraziermork/.npm/registry.npmjs.org/simplee on PUT
34 error publish Failed PUT 403
35 verbose stack Error: "You cannot publish over the previously published version 1.0.0." : simplee
35 verbose stack     at makeError (/Users/fraziermork/.node/lib/node_modules/npm/node_modules/npm-registry-client/lib/request.js:264:12)
35 verbose stack     at CachingRegistryClient.<anonymous> (/Users/fraziermork/.node/lib/node_modules/npm/node_modules/npm-registry-client/lib/request.js:252:14)
35 verbose stack     at Request._callback (/Users/fraziermork/.node/lib/node_modules/npm/node_modules/npm-registry-client/lib/request.js:172:14)
35 verbose stack     at Request.self.callback (/Users/fraziermork/.node/lib/node_modules/npm/node_modules/request/request.js:198:22)
35 verbose stack     at emitTwo (events.js:87:13)
35 verbose stack     at Request.emit (events.js:172:7)
35 verbose stack     at Request.<anonymous> (/Users/fraziermork/.node/lib/node_modules/npm/node_modules/request/request.js:1082:10)
35 verbose stack     at emitOne (events.js:82:20)
35 verbose stack     at Request.emit (events.js:169:7)
35 verbose stack     at IncomingMessage.<anonymous> (/Users/fraziermork/.node/lib/node_modules/npm/node_modules/request/request.js:1009:12)
36 verbose statusCode 403
37 verbose pkgid simplee
38 verbose cwd /Users/fraziermork/401d2/homework/framework
39 error Darwin 14.3.0
40 error argv "/Users/fraziermork/.node/bin/node" "/Users/fraziermork/.node/bin/npm" "publish" "./"
41 error node v4.3.1
42 error npm  v2.14.12
43 error code E403
44 error "You cannot publish over the previously published version 1.0.0." : simplee
45 error If you need help, you may report this error at:
45 error     <https://github.com/npm/npm/issues>
46 verbose exit [ 1, true ]
